d:\программы\калькулятор2\калькулятор2\debug\vc142.pdb
d:\программы\калькулятор2\калькулятор2\debug\.netframework,version=v4.7.2.assemblyattributes.obj
d:\программы\калькулятор2\калькулятор2\debug\myform.obj
d:\программы\калькулятор2\калькулятор2\debug\dlg.obj
d:\программы\калькулятор2\debug\калькулятор2.exe
d:\программы\калькулятор2\debug\калькулятор2.pdb
d:\программы\калькулятор2\калькулятор2\debug\калькулятор2.res
d:\программы\калькулятор2\калькулятор2\debug\калькулятор21.res
d:\программы\калькулятор2\калькулятор2\debug\калькулятор2.myform.resources
d:\программы\калькулятор2\калькулятор2\debug\калькулятор2.dlg.resources
d:\программы\калькулятор2\калькулятор2\debug\dialogasd.obj
d:\программы\калькулятор2\калькулятор2\debug\resource.res
d:\программы\калькулятор2\калькулятор2\debug\калькулятор2.tlog\cl.command.1.tlog
d:\программы\калькулятор2\калькулятор2\debug\калькулятор2.tlog\cl.read.1.tlog
d:\программы\калькулятор2\калькулятор2\debug\калькулятор2.tlog\cl.write.1.tlog
d:\программы\калькулятор2\калькулятор2\debug\калькулятор2.tlog\link.command.1.tlog
d:\программы\калькулятор2\калькулятор2\debug\калькулятор2.tlog\link.read.1.tlog
d:\программы\калькулятор2\калькулятор2\debug\калькулятор2.tlog\link.write.1.tlog
d:\программы\калькулятор2\калькулятор2\debug\калькулятор2.tlog\metagen.read.1.tlog
d:\программы\калькулятор2\калькулятор2\debug\калькулятор2.tlog\metagen.write.1.tlog
d:\программы\калькулятор2\калькулятор2\debug\калькулятор2.tlog\rc.command.1.tlog
d:\программы\калькулятор2\калькулятор2\debug\калькулятор2.tlog\rc.read.1.tlog
d:\программы\калькулятор2\калькулятор2\debug\калькулятор2.tlog\rc.write.1.tlog
d:\программы\калькулятор2\калькулятор2\debug\калькулятор2.tlog\калькулятор2.write.1u.tlog
